<?xml version="1.0" encoding="UTF-8"?>
<!-- Generated by org.testng.reporters.JUnitReportReporter -->
<testsuite ignored="0" hostname="DESKTOP-KTVBR9J" failures="0" tests="1" name="prueba.NewTestSel" time="3.184" errors="0" timestamp="01 sept 2022 13:39:25 GMT" skipped="0">
  <testcase classname="prueba.NewTestSel" name="testsel" time="3.184"/>
</testsuite> <!-- prueba.NewTestSel -->
